
**** Build of configuration Debug for project CapstonePWM ****

"C:\\ti\\ccsv6\\utils\\bin\\gmake" -k all 
'Building file: ../LED.c'
'Invoking: ARM Compiler'
"C:/ti/ccsv6/tools/compiler/arm_15.12.3.LTS/bin/armcl" -mv4 --code_state=32 --include_path="C:/ti/ccsv6/tools/compiler/arm_15.12.3.LTS/include" -g --diag_wrap=off --diag_warning=225 --display_error_number --preproc_with_compile --preproc_dependency="LED.d"  "../LED.c"

>> Compilation failure
subdir_rules.mk:7: recipe for target 'LED.obj' failed
"..\LED.h", line 4: fatal error #1965: cannot open source file "msp430.h"
1 catastrophic error detected in the compilation of "../LED.c".
Compilation terminated.
gmake: *** [LED.obj] Error 1
"../main.c", line 1: fatal error #1965: cannot open source file "msp430.h"
1 catastrophic error detected in the compilation of "../main.c".
Compilation terminated.
gmake: *** [main.obj] Error 1
'Building file: ../main.c'
'Invoking: ARM Compiler'
"C:/ti/ccsv6/tools/compiler/arm_15.12.3.LTS/bin/armcl" -mv4 --code_state=32 --include_path="C:/ti/ccsv6/tools/compiler/arm_15.12.3.LTS/include" -g --diag_wrap=off --diag_warning=225 --display_error_number --preproc_with_compile --preproc_dependency="main.d"  "../main.c"

>> Compilation failure
subdir_rules.mk:14: recipe for target 'main.obj' failed
'Building file: ../pir.c'
'Invoking: ARM Compiler'
"C:/ti/ccsv6/tools/compiler/arm_15.12.3.LTS/bin/armcl" -mv4 --code_state=32 --include_path="C:/ti/ccsv6/tools/compiler/arm_15.12.3.LTS/include" -g --diag_wrap=off --diag_warning=225 --display_error_number --preproc_with_compile --preproc_dependency="pir.d"  "../pir.c"

>> Compilation failure
subdir_rules.mk:21: recipe for target 'pir.obj' failed
"..\pir.h", line 4: fatal error #1965: cannot open source file "msp430.h"
1 catastrophic error detected in the compilation of "../pir.c".
Compilation terminated.
gmake: *** [pir.obj] Error 1
'Building file: ../timerA.c'
'Invoking: ARM Compiler'
"C:/ti/ccsv6/tools/compiler/arm_15.12.3.LTS/bin/armcl" -mv4 --code_state=32 --include_path="C:/ti/ccsv6/tools/compiler/arm_15.12.3.LTS/include" -g --diag_wrap=off --diag_warning=225 --display_error_number --preproc_with_compile --preproc_dependency="timerA.d"  "../timerA.c"

>> Compilation failure
subdir_rules.mk:28: recipe for target 'timerA.obj' failed
"..\timerA.h", line 4: fatal error #1965: cannot open source file "msp430.h"
1 catastrophic error detected in the compilation of "../timerA.c".
Compilation terminated.
gmake: *** [timerA.obj] Error 1
gmake: Target 'all' not remade because of errors.

**** Build Finished ****
