
**** Build of configuration Debug for project pushbuttontestLED ****

"C:\\ti\\ccsv6\\utils\\bin\\gmake" -k all 
'Building file: ../main.c'
'Invoking: MSP430 Compiler'
"C:/ti/ccsv6/tools/compiler/msp430_15.12.3.LTS/bin/cl430" -vmsp --use_hw_mpy=none --include_path="C:/ti/ccsv6/ccs_base/msp430/include" --include_path="C:/ti/ccsv6/tools/compiler/msp430_15.12.3.LTS/include" --advice:power=all -g --define=__MSP430G2553__ --diag_warning=225 --diag_wrap=off --display_error_number --printf_support=minimal --preproc_with_compile --preproc_dependency="main.d"  "../main.c"
"../main.c", line 14: remark #1527-D: (ULP 2.1) Detected SW delay loop using __delay_cycles. Recommend using a timer module instead
"../main.c", line 17: remark #1527-D: (ULP 2.1) Detected SW delay loop using empty loop. Recommend using a timer module instead
'Finished building: ../main.c'
' '
'Building target: pushbuttontestLED.out'
'Invoking: MSP430 Linker'
"C:/ti/ccsv6/tools/compiler/msp430_15.12.3.LTS/bin/cl430" -vmsp --use_hw_mpy=none --advice:power=all -g --define=__MSP430G2553__ --diag_warning=225 --diag_wrap=off --display_error_number --printf_support=minimal -z -m"pushbuttontestLED.map" --stack_size=80 --heap_size=80 -i"C:/ti/ccsv6/ccs_base/msp430/include" -i"C:/ti/ccsv6/tools/compiler/msp430_15.12.3.LTS/lib" -i"C:/ti/ccsv6/tools/compiler/msp430_15.12.3.LTS/include" --reread_libs --warn_sections --display_error_number --diag_wrap=off --xml_link_info="pushbuttontestLED_linkInfo.xml" --use_hw_mpy=none --rom_model -o "pushbuttontestLED.out" "./main.obj" "../lnk_msp430g2553.cmd"  -llibc.a 
<Linking>
remark #10371-D: (ULP 1.1) Detected no uses of low power mode state changing instructions
remark #10372-D: (ULP 4.1) Detected uninitialized Port 2 in this project. Recommend initializing all unused ports to eliminate wasted current consumption on unused pins.
remark #10372-D: (ULP 4.1) Detected uninitialized Port 3 in this project. Recommend initializing all unused ports to eliminate wasted current consumption on unused pins.
'Finished building target: pushbuttontestLED.out'
' '

**** Build Finished ****

**** Build of configuration Debug for project pushbuttontestLED ****

"C:\\ti\\ccsv6\\utils\\bin\\gmake" -k all 
gmake: Nothing to be done for 'all'.

**** Build Finished ****
